{
  "0 debug pnpm:scope": {
    "selected": 1
  },
  "1 error pnpm": {
    "code": "ELIFECYCLE",
    "errno": "ENOENT",
    "syscall": "spawn",
    "file": "sh",
    "pkgid": "svelte-useitful@0.0.1",
    "stage": "dev",
    "script": "svelte-kit dev",
    "pkgname": "svelte-useitful",
    "err": {
      "name": "pnpm",
      "message": "svelte-useitful@0.0.1 dev: `svelte-kit dev`\nspawn ENOENT",
      "code": "ELIFECYCLE",
      "stack": "pnpm: svelte-useitful@0.0.1 dev: `svelte-kit dev`\nspawn ENOENT\n    at ChildProcess.<anonymous> (/home/ant/.volta/tools/image/packages/pnpm/lib/node_modules/pnpm/dist/pnpm.cjs:91330:22)\n    at ChildProcess.emit (events.js:400:28)\n    at maybeClose (internal/child_process.js:1058:16)\n    at Process.ChildProcess._handle.onexit (internal/child_process.js:293:5)"
    }
  },
  "2 warn pnpm:global": " Local package.json exists, but node_modules missing, did you mean to install?"
}